  stdafx.cpp
  BitmapManager.cpp
  Bullet.cpp
s:\jusin\project\api\jjanggurun\source\framework_api\framework_api\bullet.cpp(20): warning C4244: '=': conversion from 'float' to 'int', possible loss of data
s:\jusin\project\api\jjanggurun\source\framework_api\framework_api\bullet.cpp(21): warning C4244: '=': conversion from 'float' to 'int', possible loss of data
s:\jusin\project\api\jjanggurun\source\framework_api\framework_api\bullet.cpp(33): warning C4244: '=': conversion from 'float' to 'int', possible loss of data
s:\jusin\project\api\jjanggurun\source\framework_api\framework_api\bullet.cpp(34): warning C4244: '=': conversion from 'float' to 'int', possible loss of data
s:\jusin\project\api\jjanggurun\source\framework_api\framework_api\bullet.cpp(113): warning C4554: '<<': check operator precedence for possible error; use parentheses to clarify precedence
  CollisionManager.cpp
s:\jusin\project\api\jjanggurun\source\framework_api\framework_api\collisionmanager.cpp(52): warning C4244: '=': conversion from 'LONG' to 'float', possible loss of data
s:\jusin\project\api\jjanggurun\source\framework_api\framework_api\collisionmanager.cpp(61): warning C4244: '=': conversion from 'LONG' to 'float', possible loss of data
s:\jusin\project\api\jjanggurun\source\framework_api\framework_api\collisionmanager.cpp(75): warning C4244: '=': conversion from 'LONG' to 'float', possible loss of data
s:\jusin\project\api\jjanggurun\source\framework_api\framework_api\collisionmanager.cpp(92): warning C4244: '=': conversion from 'const LONG' to 'float', possible loss of data
s:\jusin\project\api\jjanggurun\source\framework_api\framework_api\collisionmanager.cpp(102): warning C4244: '=': conversion from 'const LONG' to 'float', possible loss of data
s:\jusin\project\api\jjanggurun\source\framework_api\framework_api\collisionmanager.cpp(121): warning C4244: '=': conversion from 'LONG' to 'float', possible loss of data
s:\jusin\project\api\jjanggurun\source\framework_api\framework_api\collisionmanager.cpp(129): warning C4244: '=': conversion from 'LONG' to 'float', possible loss of data
s:\jusin\project\api\jjanggurun\source\framework_api\framework_api\collisionmanager.cpp(136): warning C4244: '=': conversion from 'LONG' to 'float', possible loss of data
s:\jusin\project\api\jjanggurun\source\framework_api\framework_api\collisionmanager.cpp(179): warning C4244: 'initializing': conversion from 'LONG' to 'float', possible loss of data
s:\jusin\project\api\jjanggurun\source\framework_api\framework_api\collisionmanager.cpp(180): warning C4244: 'initializing': conversion from 'LONG' to 'float', possible loss of data
s:\jusin\project\api\jjanggurun\source\framework_api\framework_api\collisionmanager.cpp(181): warning C4244: 'initializing': conversion from 'int' to 'float', possible loss of data
s:\jusin\project\api\jjanggurun\source\framework_api\framework_api\collisionmanager.cpp(182): warning C4244: 'initializing': conversion from 'int' to 'float', possible loss of data
s:\jusin\project\api\jjanggurun\source\framework_api\framework_api\collisionmanager.cpp(194): warning C4244: '=': conversion from 'int' to 'float', possible loss of data
s:\jusin\project\api\jjanggurun\source\framework_api\framework_api\collisionmanager.cpp(195): warning C4244: '=': conversion from 'int' to 'float', possible loss of data
s:\jusin\project\api\jjanggurun\source\framework_api\framework_api\collisionmanager.cpp(198): warning C4244: '=': conversion from 'int' to 'float', possible loss of data
s:\jusin\project\api\jjanggurun\source\framework_api\framework_api\collisionmanager.cpp(199): warning C4244: '=': conversion from 'int' to 'float', possible loss of data
  Entry.cpp
  GameClear.cpp
  GameManager.cpp
  GameOver.cpp
  KeyManager.cpp
  Enemy.cpp
  Obj.cpp
s:\jusin\project\api\jjanggurun\source\framework_api\framework_api\obj.cpp(15): warning C4244: 'argument': conversion from 'float' to 'int', possible loss of data
s:\jusin\project\api\jjanggurun\source\framework_api\framework_api\obj.cpp(21): warning C4244: '=': conversion from 'float' to 'LONG', possible loss of data
s:\jusin\project\api\jjanggurun\source\framework_api\framework_api\obj.cpp(22): warning C4244: '=': conversion from 'float' to 'LONG', possible loss of data
s:\jusin\project\api\jjanggurun\source\framework_api\framework_api\obj.cpp(23): warning C4244: '=': conversion from 'float' to 'LONG', possible loss of data
s:\jusin\project\api\jjanggurun\source\framework_api\framework_api\obj.cpp(24): warning C4244: '=': conversion from 'float' to 'LONG', possible loss of data
s:\jusin\project\api\jjanggurun\source\framework_api\framework_api\obj.cpp(31): warning C4244: '=': conversion from 'float' to 'LONG', possible loss of data
s:\jusin\project\api\jjanggurun\source\framework_api\framework_api\obj.cpp(33): warning C4244: '=': conversion from 'float' to 'LONG', possible loss of data
s:\jusin\project\api\jjanggurun\source\framework_api\framework_api\obj.cpp(34): warning C4244: '=': conversion from 'float' to 'LONG', possible loss of data
  MainMenu.cpp
  ObjectManager.cpp
  Obstacle.cpp
  Player.cpp
s:\jusin\project\api\jjanggurun\source\framework_api\framework_api\player.cpp(50): warning C4390: ';': empty controlled statement found; is this the intent?
  RenderManager.cpp
  Scene.cpp
  SceneManager.cpp
s:\jusin\project\api\jjanggurun\source\framework_api\framework_api\scenemanager.cpp(90): warning C4390: ';': empty controlled statement found; is this the intent?
  SCrollManager.cpp
  SoundManager.cpp
  Stage1.cpp
  Compiling...
  Trap.cpp
  Generating code
s:\jusin\project\api\jjanggurun\source\framework_api\framework_api\gameclear.cpp(13): warning C4715: 'CGameClear::Update': not all control paths return a value
  All 718 functions were compiled because no usable IPDB/IOBJ from previous compilation was found.
  Finished generating code
  FrameWork_API.vcxproj -> S:\Jusin\Project\API\JJangGuRun\Source\FrameWork_API\Release\FrameWork_API.exe
