s:\jusin\project\api\starcraft\source\startcraft\startcraft\debug\vc141.pdb
s:\jusin\project\api\starcraft\source\startcraft\startcraft\debug\vc141.idb
s:\jusin\project\api\starcraft\source\startcraft\startcraft\debug\singleplay.obj
s:\jusin\project\api\starcraft\source\startcraft\startcraft\debug\editor.obj
s:\jusin\project\api\starcraft\source\startcraft\startcraft\debug\button.obj
s:\jusin\project\api\starcraft\source\startcraft\startcraft\debug\mainmenu.obj
s:\jusin\project\api\starcraft\source\startcraft\startcraft\debug\entry.obj
s:\jusin\project\api\starcraft\source\startcraft\startcraft\debug\scenemanager.obj
s:\jusin\project\api\starcraft\source\startcraft\startcraft\debug\scene.obj
s:\jusin\project\api\starcraft\source\startcraft\startcraft\debug\ui.obj
s:\jusin\project\api\starcraft\source\startcraft\startcraft\debug\exit.obj
s:\jusin\project\api\starcraft\source\startcraft\startcraft\debug\mousemanager.obj
s:\jusin\project\api\starcraft\source\startcraft\startcraft\debug\tile.obj
s:\jusin\project\api\starcraft\source\startcraft\startcraft\debug\objectmanager.obj
s:\jusin\project\api\starcraft\source\startcraft\startcraft\debug\obj.obj
s:\jusin\project\api\starcraft\source\startcraft\startcraft\debug\collisionmanager.obj
s:\jusin\project\api\starcraft\source\startcraft\startcraft\debug\scrollmanager.obj
s:\jusin\project\api\starcraft\source\startcraft\startcraft\debug\bitmapmanager.obj
s:\jusin\project\api\starcraft\source\startcraft\startcraft\debug\gamemanager.obj
s:\jusin\project\api\starcraft\source\startcraft\startcraft\debug\tilemanager.obj
s:\jusin\project\api\starcraft\source\startcraft\startcraft\debug\rendermanager.obj
s:\jusin\project\api\starcraft\source\startcraft\startcraft\debug\soundmanager.obj
s:\jusin\project\api\starcraft\source\startcraft\startcraft\debug\multiplay.obj
s:\jusin\project\api\starcraft\source\startcraft\startcraft\debug\keymanager.obj
s:\jusin\project\api\starcraft\source\startcraft\startcraft\debug\structure.obj
s:\jusin\project\api\starcraft\source\startcraft\startcraft\debug\unit.obj
s:\jusin\project\api\starcraft\source\startcraft\startcraft\debug\pathmanager.obj
s:\jusin\project\api\starcraft\source\startcraft\startcraft\debug\mathmanager.obj
s:\jusin\project\api\starcraft\source\startcraft\startcraft\debug\mine.obj
s:\jusin\project\api\starcraft\source\startcraft\startcraft\debug\startcraft.pch
s:\jusin\project\api\starcraft\source\startcraft\startcraft\debug\stdafx.obj
s:\jusin\project\api\starcraft\source\startcraft\debug\startcraft.exe
s:\jusin\project\api\starcraft\source\startcraft\debug\startcraft.ilk
s:\jusin\project\api\starcraft\source\startcraft\debug\startcraft.pdb
s:\jusin\project\api\starcraft\source\startcraft\startcraft\debug\startcraft.res
s:\jusin\project\api\starcraft\source\startcraft\startcraft\debug\backgroundstaticimage.obj
s:\jusin\project\api\starcraft\source\startcraft\startcraft\debug\dynamicimage.obj
s:\jusin\project\api\starcraft\source\startcraft\startcraft\debug\player.obj
s:\jusin\project\api\starcraft\source\startcraft\startcraft\debug\staticimage.obj
s:\jusin\project\api\starcraft\source\startcraft\startcraft\debug\startcraft.tlog\cl.command.1.tlog
s:\jusin\project\api\starcraft\source\startcraft\startcraft\debug\startcraft.tlog\cl.read.1.tlog
s:\jusin\project\api\starcraft\source\startcraft\startcraft\debug\startcraft.tlog\cl.write.1.tlog
s:\jusin\project\api\starcraft\source\startcraft\startcraft\debug\startcraft.tlog\link.command.1.tlog
s:\jusin\project\api\starcraft\source\startcraft\startcraft\debug\startcraft.tlog\link.read.1.tlog
s:\jusin\project\api\starcraft\source\startcraft\startcraft\debug\startcraft.tlog\link.write.1.tlog
s:\jusin\project\api\starcraft\source\startcraft\startcraft\debug\startcraft.tlog\rc.command.1.tlog
s:\jusin\project\api\starcraft\source\startcraft\startcraft\debug\startcraft.tlog\rc.read.1.tlog
s:\jusin\project\api\starcraft\source\startcraft\startcraft\debug\startcraft.tlog\rc.write.1.tlog
