빌드 시작: 2018-04-21 오후 1:41:13
     1>2 노드의 "J:\FrameWork_API\FrameWork_API\FrameWork_API.vcxproj" 프로젝트(Build 대상)입니다.
     1>Link:
         C:\Program Files (x86)\Microsoft Visual Studio 14.0\VC\bin\x86_amd64\link.exe /ERRORREPORT:PROMPT /OUT:"J:\FrameWork_API\x64\Debug\FrameWork_API.exe" /INCREMENTAL /NOLOGO kernel32.lib user32.lib gdi32.lib winspool.lib comdlg32.lib advapi32.lib shell32.lib ole32.lib oleaut32.lib uuid.lib odbc32.lib odbccp32.lib /MANIFEST /MANIFESTUAC:"level='asInvoker' uiAccess='false'" /manifest:embed /Debug /PDB:"J:\FrameWork_API\x64\Debug\FrameWork_API.pdb" /SUBSYSTEM:WINDOWS /TLBID:1 /DYNAMICBASE /NXCOMPAT /IMPLIB:"J:\FrameWork_API\x64\Debug\FrameWork_API.lib" /MACHINE:X64 x64\Debug\FrameWork_API.res
         x64\Debug\BitmapManager.obj
         x64\Debug\Bullet.obj
         x64\Debug\CollisionManager.obj
         x64\Debug\Entry.obj
         x64\Debug\GameManager.obj
         x64\Debug\KeyManager.obj
         x64\Debug\Obj.obj
         x64\Debug\MainMenu.obj
         x64\Debug\ObjectManager.obj
         x64\Debug\Obstacle.obj
         x64\Debug\Player.obj
         x64\Debug\RenderManager.obj
         x64\Debug\Scene.obj
         x64\Debug\SceneManager.obj
         x64\Debug\SCrollManager.obj
         x64\Debug\SoundManager.obj
         x64\Debug\Stage1.obj
         x64\Debug\stdafx.obj
         x64\Debug\Trap.obj
     1>SoundManager.obj : error LNK2019: FMOD_System_Create 외부 기호(참조 위치: "public: void __cdecl CSoundManager::SetUpEffectSound(void)" (?SetUpEffectSound@CSoundManager@@QEAAXXZ) 함수)에서 확인하지 못했습니다.
     1>SoundManager.obj : error LNK2019: FMOD_System_Release 외부 기호(참조 위치: "public: void __cdecl CSoundManager::Release(void)" (?Release@CSoundManager@@QEAAXXZ) 함수)에서 확인하지 못했습니다.
     1>SoundManager.obj : error LNK2019: FMOD_System_Init 외부 기호(참조 위치: "public: void __cdecl CSoundManager::SetUpEffectSound(void)" (?SetUpEffectSound@CSoundManager@@QEAAXXZ) 함수)에서 확인하지 못했습니다.
     1>SoundManager.obj : error LNK2019: FMOD_System_Close 외부 기호(참조 위치: "public: void __cdecl CSoundManager::Release(void)" (?Release@CSoundManager@@QEAAXXZ) 함수)에서 확인하지 못했습니다.
     1>SoundManager.obj : error LNK2019: FMOD_System_CreateSound 외부 기호(참조 위치: "public: void __cdecl CSoundManager::SetUpEffectSound(void)" (?SetUpEffectSound@CSoundManager@@QEAAXXZ) 함수)에서 확인하지 못했습니다.
     1>SoundManager.obj : error LNK2019: FMOD_System_CreateStream 외부 기호(참조 위치: "public: void __cdecl CSoundManager::SetUpSound(void)" (?SetUpSound@CSoundManager@@QEAAXXZ) 함수)에서 확인하지 못했습니다.
     1>SoundManager.obj : error LNK2019: FMOD_System_PlaySound 외부 기호(참조 위치: "public: void __cdecl CSoundManager::PlayeSound(enum SOUNDKIND)" (?PlayeSound@CSoundManager@@QEAAXW4SOUNDKIND@@@Z) 함수)에서 확인하지 못했습니다.
     1>SoundManager.obj : error LNK2019: FMOD_Sound_Release 외부 기호(참조 위치: "public: void __cdecl CSoundManager::Release(void)" (?Release@CSoundManager@@QEAAXXZ) 함수)에서 확인하지 못했습니다.
     1>SoundManager.obj : error LNK2019: FMOD_Channel_Stop 외부 기호(참조 위치: "public: void __cdecl CSoundManager::BGSoundOff(void)" (?BGSoundOff@CSoundManager@@QEAAXXZ) 함수)에서 확인하지 못했습니다.
     1>../lib/fmodex_vc.lib : warning LNK4272: 'X86' 라이브러리 컴퓨터 종류가 'x64' 대상 컴퓨터 종류와 충돌합니다.
     1>J:\FrameWork_API\x64\Debug\FrameWork_API.exe : fatal error LNK1120: 9개의 확인할 수 없는 외부 참조입니다.
     1>"J:\FrameWork_API\FrameWork_API\FrameWork_API.vcxproj" 프로젝트를 빌드했습니다(Build 대상). - 실패

빌드하지 못했습니다.

경과 시간: 00:00:00.48
